<?xml version="1.0" encoding="UTF-8"?>
<testsuite xmlns:xsi="http://www.w3.org/2001/XMLSchema-instance" xsi:noNamespaceSchemaLocation="https://maven.apache.org/surefire/maven-surefire-plugin/xsd/surefire-test-report-3.0.xsd" version="3.0" name="com.ahch.CrudApplicationTests" time="7.093" tests="1" errors="0" skipped="0" failures="0">
  <properties>
[...]
</properties>
  <testcase name="contextLoads" classname="com.ahch.CrudApplicationTests" time="0.405">
    <system-out><![CDATA[18:52:12.806 [main] INFO org.springframework.test.context.support.AnnotationConfigContextLoaderUtils -- Could not detect default configuration classes for test class [com.ahch.CrudApplicationTests]: CrudApplicationTests does not declare any static, non-private, non-final, nested classes annotated with @Configuration.
18:52:12.921 [main] INFO org.springframework.boot.test.context.SpringBootTestContextBootstrapper -- Found @SpringBootConfiguration com.ahch.CrudApplication for test class com.ahch.CrudApplicationTests

  .   ____          _            __ _ _
 /\\ / ___'_ __ _ _(_)_ __  __ _ \ \ \ \
( ( )\___ | '_ | '_| | '_ \/ _` | \ \ \ \
 \\/  ___)| |_)| | | | | || (_| |  ) ) ) )
  '  |____| .__|_| |_|_| |_\__, | / / / /
 =========|_|==============|___/=/_/_/_/

 :: Spring Boot ::                (v3.3.1)

2025-04-16T18:52:13.540+01:00  INFO 2304 --- [ahch] [           main] com.ahch.CrudApplicationTests            : Starting CrudApplicationTests using Java 17.0.12 with PID 2304 (started by ahmet in C:\Users\ahmet\Downloads\user\200OK-onsgu\insurance-back-ahmed)
2025-04-16T18:52:13.542+01:00  INFO 2304 --- [ahch] [           main] com.ahch.CrudApplicationTests            : No active profile set, falling back to 1 default profile: "default"
2025-04-16T18:52:14.371+01:00  INFO 2304 --- [ahch] [           main] .s.d.r.c.RepositoryConfigurationDelegate : Bootstrapping Spring Data JPA repositories in DEFAULT mode.
2025-04-16T18:52:14.519+01:00  INFO 2304 --- [ahch] [           main] .s.d.r.c.RepositoryConfigurationDelegate : Finished Spring Data repository scanning in 138 ms. Found 2 JPA repository interfaces.
2025-04-16T18:52:14.789+01:00  INFO 2304 --- [ahch] [           main] o.s.cloud.context.scope.GenericScope     : BeanFactory id=8fe83c33-950a-385c-b1b9-52a486079a0f
2025-04-16T18:52:14.954+01:00  WARN 2304 --- [ahch] [           main] trationDelegate$BeanPostProcessorChecker : Bean 'org.springframework.cloud.client.loadbalancer.LoadBalancerAutoConfiguration$DeferringLoadBalancerInterceptorConfig' of type [org.springframework.cloud.client.loadbalancer.LoadBalancerAutoConfiguration$DeferringLoadBalancerInterceptorConfig] is not eligible for getting processed by all BeanPostProcessors (for example: not eligible for auto-proxying). The currently created BeanPostProcessor [lbRestClientPostProcessor] is declared through a non-static factory method on that class; consider declaring it as static instead.
2025-04-16T18:52:14.956+01:00  WARN 2304 --- [ahch] [           main] trationDelegate$BeanPostProcessorChecker : Bean 'deferringLoadBalancerInterceptor' of type [org.springframework.cloud.client.loadbalancer.DeferringLoadBalancerInterceptor] is not eligible for getting processed by all BeanPostProcessors (for example: not eligible for auto-proxying). Is this bean getting eagerly injected into a currently created BeanPostProcessor [lbRestClientPostProcessor]? Check the corresponding BeanPostProcessor declaration and its dependencies.
2025-04-16T18:52:15.135+01:00  INFO 2304 --- [ahch] [           main] o.hibernate.jpa.internal.util.LogHelper  : HHH000204: Processing PersistenceUnitInfo [name: default]
2025-04-16T18:52:15.223+01:00  INFO 2304 --- [ahch] [           main] org.hibernate.Version                    : HHH000412: Hibernate ORM core version 6.5.2.Final
2025-04-16T18:52:15.271+01:00  INFO 2304 --- [ahch] [           main] o.h.c.internal.RegionFactoryInitiator    : HHH000026: Second-level cache disabled
2025-04-16T18:52:15.719+01:00  INFO 2304 --- [ahch] [           main] o.s.o.j.p.SpringPersistenceUnitInfo      : No LoadTimeWeaver setup: ignoring JPA class transformer
2025-04-16T18:52:15.750+01:00  INFO 2304 --- [ahch] [           main] com.zaxxer.hikari.HikariDataSource       : HikariPool-1 - Starting...
2025-04-16T18:52:15.886+01:00  INFO 2304 --- [ahch] [           main] com.zaxxer.hikari.pool.HikariPool        : HikariPool-1 - Added connection com.mysql.cj.jdbc.ConnectionImpl@18513c23
2025-04-16T18:52:15.887+01:00  INFO 2304 --- [ahch] [           main] com.zaxxer.hikari.HikariDataSource       : HikariPool-1 - Start completed.
2025-04-16T18:52:15.937+01:00  WARN 2304 --- [ahch] [           main] org.hibernate.dialect.Dialect            : HHH000511: The 5.5.5 version for [org.hibernate.dialect.MySQLDialect] is no longer supported, hence certain features may not work properly. The minimum supported version is 8.0.0. Check the community dialects project for available legacy versions.
2025-04-16T18:52:16.703+01:00  INFO 2304 --- [ahch] [           main] o.h.e.t.j.p.i.JtaPlatformInitiator       : HHH000489: No JTA platform available (set 'hibernate.transaction.jta.platform' to enable JTA platform integration)
2025-04-16T18:52:16.749+01:00  INFO 2304 --- [ahch] [           main] j.LocalContainerEntityManagerFactoryBean : Initialized JPA EntityManagerFactory for persistence unit 'default'
2025-04-16T18:52:17.236+01:00  WARN 2304 --- [ahch] [           main] JpaBaseConfiguration$JpaWebConfiguration : spring.jpa.open-in-view is enabled by default. Therefore, database queries may be performed during view rendering. Explicitly configure spring.jpa.open-in-view to disable this warning
2025-04-16T18:52:17.550+01:00  INFO 2304 --- [ahch] [           main] o.s.c.openfeign.FeignClientFactoryBean   : For 'usersmanagementsystem' URL not provided. Will try picking an instance via load-balancing.
2025-04-16T18:52:18.722+01:00  INFO 2304 --- [ahch] [           main] DiscoveryClientOptionalArgsConfiguration : Eureka HTTP Client uses RestTemplate.
2025-04-16T18:52:18.758+01:00  WARN 2304 --- [ahch] [           main] iguration$LoadBalancerCaffeineWarnLogger : Spring Cloud LoadBalancer is currently working with the default cache. While this cache implementation is useful for development and tests, it's recommended to use Caffeine cache in production.You can switch to using Caffeine cache, by adding it and org.springframework.cache.caffeine.CaffeineCacheManager to the classpath.
2025-04-16T18:52:18.789+01:00  INFO 2304 --- [ahch] [           main] o.s.c.n.eureka.InstanceInfoFactory       : Setting initial instance status as: STARTING
2025-04-16T18:52:18.819+01:00  INFO 2304 --- [ahch] [           main] com.netflix.discovery.DiscoveryClient    : Initializing Eureka in region us-east-1
2025-04-16T18:52:18.826+01:00  INFO 2304 --- [ahch] [           main] c.n.d.s.r.aws.ConfigClusterResolver      : Resolving eureka endpoints via configuration
2025-04-16T18:52:18.840+01:00  INFO 2304 --- [ahch] [           main] com.netflix.discovery.DiscoveryClient    : Disable delta property : false
2025-04-16T18:52:18.840+01:00  INFO 2304 --- [ahch] [           main] com.netflix.discovery.DiscoveryClient    : Single vip registry refresh property : null
2025-04-16T18:52:18.840+01:00  INFO 2304 --- [ahch] [           main] com.netflix.discovery.DiscoveryClient    : Force full registry fetch : false
2025-04-16T18:52:18.840+01:00  INFO 2304 --- [ahch] [           main] com.netflix.discovery.DiscoveryClient    : Application is null : false
2025-04-16T18:52:18.840+01:00  INFO 2304 --- [ahch] [           main] com.netflix.discovery.DiscoveryClient    : Registered Applications size is zero : true
2025-04-16T18:52:18.840+01:00  INFO 2304 --- [ahch] [           main] com.netflix.discovery.DiscoveryClient    : Application version is -1: true
2025-04-16T18:52:18.840+01:00  INFO 2304 --- [ahch] [           main] com.netflix.discovery.DiscoveryClient    : Getting all instance registry info from the eureka server
2025-04-16T18:52:19.287+01:00  INFO 2304 --- [ahch] [           main] com.netflix.discovery.DiscoveryClient    : The response status is 200
2025-04-16T18:52:19.290+01:00  INFO 2304 --- [ahch] [           main] com.netflix.discovery.DiscoveryClient    : Starting heartbeat executor: renew interval is: 30
2025-04-16T18:52:19.291+01:00  INFO 2304 --- [ahch] [           main] c.n.discovery.InstanceInfoReplicator     : InstanceInfoReplicator onDemand update allowed rate per min is 4
2025-04-16T18:52:19.293+01:00  INFO 2304 --- [ahch] [           main] com.netflix.discovery.DiscoveryClient    : Discovery Client initialized at timestamp 1744825939292 with initial instances count: 2
2025-04-16T18:52:19.295+01:00  INFO 2304 --- [ahch] [           main] o.s.c.n.e.s.EurekaServiceRegistry        : Registering application AHCH with eureka with status UP
2025-04-16T18:52:19.295+01:00  INFO 2304 --- [ahch] [           main] com.netflix.discovery.DiscoveryClient    : Saw local status change event StatusChangeEvent [timestamp=1744825939295, current=UP, previous=STARTING]
2025-04-16T18:52:19.297+01:00  INFO 2304 --- [ahch] [foReplicator-%d] com.netflix.discovery.DiscoveryClient    : DiscoveryClient_AHCH/Ahmed:ahch:9000: registering service...
2025-04-16T18:52:19.304+01:00  INFO 2304 --- [ahch] [           main] com.ahch.CrudApplicationTests            : Started CrudApplicationTests in 6.203 seconds (process running for 7.212)
2025-04-16T18:52:19.336+01:00  INFO 2304 --- [ahch] [foReplicator-%d] com.netflix.discovery.DiscoveryClient    : DiscoveryClient_AHCH/Ahmed:ahch:9000 - registration status: 204
]]></system-out>
  </testcase>
</testsuite>