<?xml version="1.0" encoding="UTF-8"?>
<testsuite xmlns:xsi="http://www.w3.org/2001/XMLSchema-instance" xsi:noNamespaceSchemaLocation="https://maven.apache.org/surefire/maven-surefire-plugin/xsd/surefire-test-report.xsd" version="3.0.2" name="com.phegondev.usersmanagementsystem.UsersmanagementsystemApplicationTests" time="8.31" tests="1" errors="0" skipped="0" failures="0">
  <properties>
[...]
</properties>
  <testcase name="contextLoads" classname="com.phegondev.usersmanagementsystem.UsersmanagementsystemApplicationTests" time="0.667">
    <system-out><![CDATA[18:56:53.059 [main] INFO org.springframework.test.context.support.AnnotationConfigContextLoaderUtils -- Could not detect default configuration classes for test class [com.phegondev.usersmanagementsystem.UsersmanagementsystemApplicationTests]: UsersmanagementsystemApplicationTests does not declare any static, non-private, non-final, nested classes annotated with @Configuration.
18:56:53.201 [main] INFO org.springframework.boot.test.context.SpringBootTestContextBootstrapper -- Found @SpringBootConfiguration com.phegondev.usersmanagementsystem.UsersmanagementsystemApplication for test class com.phegondev.usersmanagementsystem.UsersmanagementsystemApplicationTests

  .   ____          _            __ _ _
 /\\ / ___'_ __ _ _(_)_ __  __ _ \ \ \ \
( ( )\___ | '_ | '_| | '_ \/ _` | \ \ \ \
 \\/  ___)| |_)| | | | | || (_| |  ) ) ) )
  '  |____| .__|_| |_|_| |_\__, | / / / /
 =========|_|==============|___/=/_/_/_/

 :: Spring Boot ::                (v3.4.2)

2025-02-26T18:56:54.167+01:00  INFO 29920 --- [usersmanagementsystem] [           main] .u.UsersmanagementsystemApplicationTests : Starting UsersmanagementsystemApplicationTests using Java 17.0.11 with PID 29920 (started by user in C:\Users\user\Desktop\pi\users-management-system\springboot + angular\backend)
2025-02-26T18:56:54.169+01:00  INFO 29920 --- [usersmanagementsystem] [           main] .u.UsersmanagementsystemApplicationTests : No active profile set, falling back to 1 default profile: "default"
2025-02-26T18:56:55.096+01:00  INFO 29920 --- [usersmanagementsystem] [           main] .s.d.r.c.RepositoryConfigurationDelegate : Bootstrapping Spring Data JPA repositories in DEFAULT mode.
2025-02-26T18:56:55.249+01:00  INFO 29920 --- [usersmanagementsystem] [           main] .s.d.r.c.RepositoryConfigurationDelegate : Finished Spring Data repository scanning in 141 ms. Found 2 JPA repository interfaces.
2025-02-26T18:56:55.571+01:00  INFO 29920 --- [usersmanagementsystem] [           main] o.s.cloud.context.scope.GenericScope     : BeanFactory id=6d9065df-e867-3280-9ba8-452353065401
2025-02-26T18:56:56.020+01:00  INFO 29920 --- [usersmanagementsystem] [           main] o.hibernate.jpa.internal.util.LogHelper  : HHH000204: Processing PersistenceUnitInfo [name: default]
2025-02-26T18:56:56.131+01:00  INFO 29920 --- [usersmanagementsystem] [           main] org.hibernate.Version                    : HHH000412: Hibernate ORM core version 6.6.5.Final
2025-02-26T18:56:56.186+01:00  INFO 29920 --- [usersmanagementsystem] [           main] o.h.c.internal.RegionFactoryInitiator    : HHH000026: Second-level cache disabled
2025-02-26T18:56:56.635+01:00  INFO 29920 --- [usersmanagementsystem] [           main] o.s.o.j.p.SpringPersistenceUnitInfo      : No LoadTimeWeaver setup: ignoring JPA class transformer
2025-02-26T18:56:56.693+01:00  INFO 29920 --- [usersmanagementsystem] [           main] com.zaxxer.hikari.HikariDataSource       : HikariPool-1 - Starting...
2025-02-26T18:56:56.954+01:00  INFO 29920 --- [usersmanagementsystem] [           main] com.zaxxer.hikari.pool.HikariPool        : HikariPool-1 - Added connection com.mysql.cj.jdbc.ConnectionImpl@397a10df
2025-02-26T18:56:56.957+01:00  INFO 29920 --- [usersmanagementsystem] [           main] com.zaxxer.hikari.HikariDataSource       : HikariPool-1 - Start completed.
2025-02-26T18:56:57.051+01:00  WARN 29920 --- [usersmanagementsystem] [           main] org.hibernate.dialect.Dialect            : HHH000511: The 5.5.5 version for [org.hibernate.dialect.MySQLDialect] is no longer supported, hence certain features may not work properly. The minimum supported version is 8.0.0. Check the community dialects project for available legacy versions.
2025-02-26T18:56:57.088+01:00  INFO 29920 --- [usersmanagementsystem] [           main] org.hibernate.orm.connections.pooling    : HHH10001005: Database info:
	Database JDBC URL [Connecting through datasource 'HikariDataSource (HikariPool-1)']
	Database driver: undefined/unknown
	Database version: 5.5.5
	Autocommit mode: undefined/unknown
	Isolation level: undefined/unknown
	Minimum pool size: undefined/unknown
	Maximum pool size: undefined/unknown
2025-02-26T18:56:58.013+01:00  INFO 29920 --- [usersmanagementsystem] [           main] o.h.e.t.j.p.i.JtaPlatformInitiator       : HHH000489: No JTA platform available (set 'hibernate.transaction.jta.platform' to enable JTA platform integration)
2025-02-26T18:56:58.139+01:00  INFO 29920 --- [usersmanagementsystem] [           main] j.LocalContainerEntityManagerFactoryBean : Initialized JPA EntityManagerFactory for persistence unit 'default'
2025-02-26T18:56:58.539+01:00  INFO 29920 --- [usersmanagementsystem] [           main] o.s.d.j.r.query.QueryEnhancerFactory     : Hibernate is in classpath; If applicable, HQL parser will be used.
2025-02-26T18:56:59.050+01:00  INFO 29920 --- [usersmanagementsystem] [           main] eAuthenticationProviderManagerConfigurer : Global AuthenticationManager configured with AuthenticationProvider bean with name authenticationProvider
2025-02-26T18:56:59.051+01:00  WARN 29920 --- [usersmanagementsystem] [           main] r$InitializeUserDetailsManagerConfigurer : Global AuthenticationManager configured with an AuthenticationProvider bean. UserDetailsService beans will not be used by Spring Security for automatically configuring username/password login. Consider removing the AuthenticationProvider bean. Alternatively, consider using the UserDetailsService in a manually instantiated DaoAuthenticationProvider. If the current configuration is intentional, to turn off this warning, increase the logging level of 'org.springframework.security.config.annotation.authentication.configuration.InitializeUserDetailsBeanManagerConfigurer' to ERROR
2025-02-26T18:56:59.151+01:00  WARN 29920 --- [usersmanagementsystem] [           main] JpaBaseConfiguration$JpaWebConfiguration : spring.jpa.open-in-view is enabled by default. Therefore, database queries may be performed during view rendering. Explicitly configure spring.jpa.open-in-view to disable this warning
2025-02-26T18:57:00.117+01:00  INFO 29920 --- [usersmanagementsystem] [           main] DiscoveryClientOptionalArgsConfiguration : Eureka HTTP Client uses RestTemplate.
2025-02-26T18:57:00.343+01:00  WARN 29920 --- [usersmanagementsystem] [           main] iguration$LoadBalancerCaffeineWarnLogger : Spring Cloud LoadBalancer is currently working with the default cache. While this cache implementation is useful for development and tests, it's recommended to use Caffeine cache in production.You can switch to using Caffeine cache, by adding it and org.springframework.cache.caffeine.CaffeineCacheManager to the classpath.
2025-02-26T18:57:00.368+01:00  INFO 29920 --- [usersmanagementsystem] [           main] o.s.c.n.eureka.InstanceInfoFactory       : Setting initial instance status as: STARTING
2025-02-26T18:57:00.399+01:00  INFO 29920 --- [usersmanagementsystem] [           main] com.netflix.discovery.DiscoveryClient    : Initializing Eureka in region us-east-1
2025-02-26T18:57:00.399+01:00  INFO 29920 --- [usersmanagementsystem] [           main] com.netflix.discovery.DiscoveryClient    : Client configured to neither register nor query for data.
2025-02-26T18:57:00.408+01:00  INFO 29920 --- [usersmanagementsystem] [           main] com.netflix.discovery.DiscoveryClient    : Discovery Client initialized at timestamp 1740592620405 with initial instances count: 0
2025-02-26T18:57:00.416+01:00  INFO 29920 --- [usersmanagementsystem] [           main] o.s.c.n.e.s.EurekaServiceRegistry        : Registering application USERSMANAGEMENTSYSTEM with eureka with status UP
2025-02-26T18:57:00.430+01:00  INFO 29920 --- [usersmanagementsystem] [           main] .u.UsersmanagementsystemApplicationTests : Started UsersmanagementsystemApplicationTests in 6.89 seconds (process running for 8.384)
]]></system-out>
  </testcase>
</testsuite>