<?xml version="1.0" encoding="UTF-8"?>
<testsuite xmlns:xsi="http://www.w3.org/2001/XMLSchema-instance" xsi:noNamespaceSchemaLocation="https://maven.apache.org/surefire/maven-surefire-plugin/xsd/surefire-test-report-3.0.xsd" version="3.0" name="com.ahch.CrudApplicationTests" time="6.486" tests="1" errors="0" skipped="0" failures="0">
  <properties>
[...]
</properties>
  <testcase name="contextLoads" classname="com.ahch.CrudApplicationTests" time="0.543">
    <system-out><![CDATA[22:52:18.344 [main] INFO org.springframework.test.context.support.AnnotationConfigContextLoaderUtils -- Could not detect default configuration classes for test class [com.ahch.CrudApplicationTests]: CrudApplicationTests does not declare any static, non-private, non-final, nested classes annotated with @Configuration.
22:52:18.449 [main] INFO org.springframework.boot.test.context.SpringBootTestContextBootstrapper -- Found @SpringBootConfiguration com.ahch.CrudApplication for test class com.ahch.CrudApplicationTests

  .   ____          _            __ _ _
 /\\ / ___'_ __ _ _(_)_ __  __ _ \ \ \ \
( ( )\___ | '_ | '_| | '_ \/ _` | \ \ \ \
 \\/  ___)| |_)| | | | | || (_| |  ) ) ) )
  '  |____| .__|_| |_|_| |_\__, | / / / /
 =========|_|==============|___/=/_/_/_/
 :: Spring Boot ::                (v3.1.3)

2025-02-26T22:52:19.206+01:00  WARN 17908 --- [           main] ory$DuplicateJsonObjectContextCustomizer : 

Found multiple occurrences of org.json.JSONObject on the class path:

	jar:file:/C:/Users/bouch/.m2/repository/org/json/json/20210307/json-20210307.jar!/org/json/JSONObject.class
	jar:file:/C:/Users/bouch/.m2/repository/com/vaadin/external/google/android-json/0.0.20131108.vaadin1/android-json-0.0.20131108.vaadin1.jar!/org/json/JSONObject.class

You may wish to exclude one of them to ensure predictable runtime behavior

2025-02-26T22:52:19.232+01:00  INFO 17908 --- [           main] com.ahch.CrudApplicationTests            : Starting CrudApplicationTests using Java 17.0.8 with PID 17908 (started by bouch in E:\insur)
2025-02-26T22:52:19.233+01:00  INFO 17908 --- [           main] com.ahch.CrudApplicationTests            : No active profile set, falling back to 1 default profile: "default"
2025-02-26T22:52:20.285+01:00  INFO 17908 --- [           main] .s.d.r.c.RepositoryConfigurationDelegate : Bootstrapping Spring Data JPA repositories in DEFAULT mode.
2025-02-26T22:52:20.355+01:00  INFO 17908 --- [           main] .s.d.r.c.RepositoryConfigurationDelegate : Finished Spring Data repository scanning in 61 ms. Found 6 JPA repository interfaces.
2025-02-26T22:52:20.540+01:00  INFO 17908 --- [           main] o.s.cloud.context.scope.GenericScope     : BeanFactory id=650b8499-e83f-335c-a722-79c31e3c1b69
2025-02-26T22:52:20.873+01:00  INFO 17908 --- [           main] o.hibernate.jpa.internal.util.LogHelper  : HHH000204: Processing PersistenceUnitInfo [name: default]
2025-02-26T22:52:20.936+01:00  INFO 17908 --- [           main] org.hibernate.Version                    : HHH000412: Hibernate ORM core version 6.2.7.Final
2025-02-26T22:52:20.939+01:00  INFO 17908 --- [           main] org.hibernate.cfg.Environment            : HHH000406: Using bytecode reflection optimizer
2025-02-26T22:52:21.151+01:00  INFO 17908 --- [           main] o.h.b.i.BytecodeProviderInitiator        : HHH000021: Bytecode provider name : bytebuddy
2025-02-26T22:52:21.306+01:00  INFO 17908 --- [           main] o.s.o.j.p.SpringPersistenceUnitInfo      : No LoadTimeWeaver setup: ignoring JPA class transformer
2025-02-26T22:52:21.326+01:00  INFO 17908 --- [           main] com.zaxxer.hikari.HikariDataSource       : HikariPool-1 - Starting...
2025-02-26T22:52:21.493+01:00  INFO 17908 --- [           main] com.zaxxer.hikari.pool.HikariPool        : HikariPool-1 - Added connection com.mysql.cj.jdbc.ConnectionImpl@356341c9
2025-02-26T22:52:21.495+01:00  INFO 17908 --- [           main] com.zaxxer.hikari.HikariDataSource       : HikariPool-1 - Start completed.
2025-02-26T22:52:21.550+01:00  WARN 17908 --- [           main] org.hibernate.dialect.Dialect            : HHH000511: The 5.5.0 version for [org.hibernate.dialect.MySQLDialect] is no longer supported, hence certain features may not work properly. The minimum supported version is 5.7.0. Check the community dialects project for available legacy versions.
2025-02-26T22:52:21.793+01:00  INFO 17908 --- [           main] o.h.b.i.BytecodeProviderInitiator        : HHH000021: Bytecode provider name : bytebuddy
2025-02-26T22:52:22.310+01:00  INFO 17908 --- [           main] o.h.e.t.j.p.i.JtaPlatformInitiator       : HHH000490: Using JtaPlatform implementation: [org.hibernate.engine.transaction.jta.platform.internal.NoJtaPlatform]
Hibernate: 
    alter table claim 
       modify column claim_type  enum ('CLAIM','IDEAS')
Hibernate: 
    alter table claim 
       modify column date_creation  datetime(6)
Hibernate: 
    alter table recommendation 
       modify column date_creation  datetime(6)
Hibernate: 
    alter table towing 
       add column latitude float(53) not null
Hibernate: 
    alter table towing 
       add column longitude float(53) not null
Hibernate: 
    alter table towing 
       modify column request_date  datetime(6)
2025-02-26T22:52:22.416+01:00  INFO 17908 --- [           main] j.LocalContainerEntityManagerFactoryBean : Initialized JPA EntityManagerFactory for persistence unit 'default'
2025-02-26T22:52:22.990+01:00  WARN 17908 --- [           main] JpaBaseConfiguration$JpaWebConfiguration : spring.jpa.open-in-view is enabled by default. Therefore, database queries may be performed during view rendering. Explicitly configure spring.jpa.open-in-view to disable this warning
2025-02-26T22:52:23.990+01:00  INFO 17908 --- [           main] o.s.b.a.e.web.EndpointLinksResolver      : Exposing 1 endpoint(s) beneath base path '/actuator'
2025-02-26T22:52:24.062+01:00  INFO 17908 --- [           main] com.ahch.CrudApplicationTests            : Started CrudApplicationTests in 5.445 seconds (process running for 6.809)
]]></system-out>
  </testcase>
</testsuite>